<?xml version="1.0" encoding="UTF-8"?>
<testng-results skipped="0" failed="0" ignored="0" total="1" passed="1">
  <reporter-output>
  </reporter-output>
  <suite name="Default suite" duration-ms="37781" started-at="2020-08-17T23:33:51 IST" finished-at="2020-08-17T23:34:28 IST">
    <groups>
    </groups>
    <test name="Default test" duration-ms="37781" started-at="2020-08-17T23:33:51 IST" finished-at="2020-08-17T23:34:28 IST">
      <class name="com.Amazon.Tests.LoginTests">
        <test-method status="PASS" signature="beginTest()[pri:0, instance:com.Amazon.Tests.LoginTests@3701eaf6]" name="beginTest" is-config="true" duration-ms="7386" started-at="2020-08-17T23:33:51 IST" finished-at="2020-08-17T23:33:58 IST">
          <reporter-output>
          </reporter-output>
        </test-method> <!-- beginTest -->
        <test-method status="PASS" signature="testSteps()[pri:0, instance:com.Amazon.Tests.LoginTests@3701eaf6]" name="testSteps" duration-ms="29906" started-at="2020-08-17T23:33:58 IST" finished-at="2020-08-17T23:34:28 IST">
          <reporter-output>
          </reporter-output>
        </test-method> <!-- testSteps -->
        <test-method status="PASS" signature="closedriver()[pri:0, instance:com.Amazon.Tests.LoginTests@3701eaf6]" name="closedriver" is-config="true" duration-ms="444" started-at="2020-08-17T23:34:28 IST" finished-at="2020-08-17T23:34:28 IST">
          <reporter-output>
          </reporter-output>
        </test-method> <!-- closedriver -->
      </class> <!-- com.Amazon.Tests.LoginTests -->
    </test> <!-- Default test -->
  </suite> <!-- Default suite -->
</testng-results>
